<?xml version="1.0" encoding="UTF-8"?>
<coverage generated="1604002049229" clover="3.2.0">
  <project timestamp="1604002049230" name="All files">
    <metrics statements="16" coveredstatements="15" conditionals="4" coveredconditionals="3" methods="7" coveredmethods="7" elements="27" coveredelements="25" complexity="0" loc="16" ncloc="16" packages="2" files="2" classes="2"/>
    <package name="src">
      <metrics statements="15" coveredstatements="14" conditionals="4" coveredconditionals="3" methods="6" coveredmethods="6"/>
      <file name="App.vue" path="C:\Users\USER\Desktop\test-driven-development\src\App.vue">
        <metrics statements="15" coveredstatements="14" conditionals="4" coveredconditionals="3" methods="6" coveredmethods="6"/>
        <line num="35" count="1" type="stmt"/>
        <line num="36" count="1" type="stmt"/>
        <line num="43" count="3" type="stmt"/>
        <line num="52" count="1" type="stmt"/>
        <line num="53" count="1" type="stmt"/>
        <line num="58" count="1" type="stmt"/>
        <line num="59" count="2" type="cond" truecount="1" falsecount="1"/>
        <line num="61" count="1" type="stmt"/>
        <line num="62" count="1" type="stmt"/>
        <line num="64" count="0" type="stmt"/>
        <line num="68" count="1" type="stmt"/>
        <line num="72" count="2" type="stmt"/>
        <line num="73" count="1" type="stmt"/>
        <line num="78" count="3" type="stmt"/>
        <line num="79" count="4" type="cond" truecount="2" falsecount="0"/>
      </file>
    </package>
    <package name="src.components">
      <metrics statements="1" coveredstatements="1" conditionals="0" coveredconditionals="0" methods="1" coveredmethods="1"/>
      <file name="MusicDetails.vue" path="C:\Users\USER\Desktop\test-driven-development\src\components\MusicDetails.vue">
        <metrics statements="1" coveredstatements="1" conditionals="0" coveredconditionals="0" methods="1" coveredmethods="1"/>
        <line num="18" count="2" type="stmt"/>
      </file>
    </package>
  </project>
</coverage>
