TN:
SF:C:\Users\USER\Desktop\test-driven-development\src\App.vue
FN:42,(anonymous_1)
FN:51,(anonymous_2)
FN:67,(anonymous_3)
FN:71,(anonymous_4)
FN:72,(anonymous_5)
FN:77,(anonymous_6)
FNF:6
FNH:6
FNDA:3,(anonymous_1)
FNDA:1,(anonymous_2)
FNDA:1,(anonymous_3)
FNDA:1,(anonymous_4)
FNDA:1,(anonymous_5)
FNDA:3,(anonymous_6)
DA:35,1
DA:36,1
DA:43,3
DA:52,1
DA:53,1
DA:58,1
DA:59,2
DA:61,1
DA:62,1
DA:64,0
DA:68,1
DA:72,2
DA:73,1
DA:78,3
DA:79,4
LF:15
LH:14
BRDA:59,0,0,1
BRDA:59,0,1,0
BRDA:79,1,0,1
BRDA:79,1,1,2
BRF:4
BRH:3
end_of_record
TN:
SF:C:\Users\USER\Desktop\test-driven-development\src\components\MusicDetails.vue
FN:17,(anonymous_1)
FNF:1
FNH:1
FNDA:2,(anonymous_1)
DA:18,2
LF:1
LH:1
BRF:0
BRH:0
end_of_record
